c:\users\cr\downloads\csc2201\lab4\lab4\lab4\debug\listarray.obj
c:\users\cr\downloads\csc2201\lab4\lab4\lab4\debug\orderedlist.obj
c:\users\cr\downloads\csc2201\lab4\lab4\lab4\debug\show3.obj
c:\users\cr\downloads\csc2201\lab4\lab4\lab4\debug\show4.obj
c:\users\cr\downloads\csc2201\lab4\lab4\lab4\debug\test4.obj
c:\users\cr\downloads\csc2201\lab4\lab4\lab4\debug\vc110.pdb
c:\users\cr\downloads\csc2201\lab4\lab4\debug\lab4.ilk
c:\users\cr\downloads\csc2201\lab4\lab4\debug\lab4.exe
c:\users\cr\downloads\csc2201\lab4\lab4\debug\lab4.pdb
c:\users\pavan\documents\visual studio 2015\projects\csc2200\lab4\lab4\debug\vc140.pdb
c:\users\pavan\documents\visual studio 2015\projects\csc2200\lab4\lab4\debug\vc140.idb
c:\users\pavan\documents\visual studio 2015\projects\csc2200\lab4\lab4\debug\listarray.obj
c:\users\pavan\documents\visual studio 2015\projects\csc2200\lab4\lab4\debug\orderedlist.obj
c:\users\pavan\documents\visual studio 2015\projects\csc2200\lab4\lab4\debug\show3.obj
c:\users\pavan\documents\visual studio 2015\projects\csc2200\lab4\lab4\debug\show4.obj
c:\users\pavan\documents\visual studio 2015\projects\csc2200\lab4\lab4\debug\test4.obj
c:\users\pavan\documents\visual studio 2015\projects\csc2200\lab4\debug\lab4.ilk
c:\users\pavan\documents\visual studio 2015\projects\csc2200\lab4\debug\lab4.exe
c:\users\pavan\documents\visual studio 2015\projects\csc2200\lab4\debug\lab4.pdb
c:\users\pavan\documents\visual studio 2015\projects\csc2200\lab4\lab4\debug\cl.command.1.tlog
c:\users\pavan\documents\visual studio 2015\projects\csc2200\lab4\lab4\debug\cl.read.1.tlog
c:\users\pavan\documents\visual studio 2015\projects\csc2200\lab4\lab4\debug\cl.write.1.tlog
c:\users\pavan\documents\visual studio 2015\projects\csc2200\lab4\lab4\debug\link-cvtres.read.1.tlog
c:\users\pavan\documents\visual studio 2015\projects\csc2200\lab4\lab4\debug\link-cvtres.write.1.tlog
c:\users\pavan\documents\visual studio 2015\projects\csc2200\lab4\lab4\debug\link-rc.read.1.tlog
c:\users\pavan\documents\visual studio 2015\projects\csc2200\lab4\lab4\debug\link-rc.write.1.tlog
c:\users\pavan\documents\visual studio 2015\projects\csc2200\lab4\lab4\debug\link.command.1.tlog
c:\users\pavan\documents\visual studio 2015\projects\csc2200\lab4\lab4\debug\link.read.1.tlog
c:\users\pavan\documents\visual studio 2015\projects\csc2200\lab4\lab4\debug\link.write.1.tlog
c:\users\pavan\documents\visual studio 2015\projects\csc2200\lab4\lab4\debug\vc110.idb
c:\users\pavan\documents\visual studio 2015\projects\csc2200\lab4\lab4\debug\vc110.pdb
c:\users\pavan\documents\visual studio 2015\projects\csc2200\lab4\lab4\debug\lab4.tlog\cl.command.1.tlog
c:\users\pavan\documents\visual studio 2015\projects\csc2200\lab4\lab4\debug\lab4.tlog\cl.read.1.tlog
c:\users\pavan\documents\visual studio 2015\projects\csc2200\lab4\lab4\debug\lab4.tlog\cl.write.1.tlog
c:\users\pavan\documents\visual studio 2015\projects\csc2200\lab4\lab4\debug\lab4.tlog\link.command.1.tlog
c:\users\pavan\documents\visual studio 2015\projects\csc2200\lab4\lab4\debug\lab4.tlog\link.read.1.tlog
c:\users\pavan\documents\visual studio 2015\projects\csc2200\lab4\lab4\debug\lab4.tlog\link.write.1.tlog
