c:\users\fb4138\downloads\csc 2201\lab10\lab10\lab10\debug\vc120.pdb
c:\users\fb4138\downloads\csc 2201\lab10\lab10\lab10\debug\vc120.idb
c:\users\fb4138\downloads\csc 2201\lab10\lab10\lab10\debug\bstree.obj
c:\users\fb4138\downloads\csc 2201\lab10\lab10\lab10\debug\hashtable.obj
c:\users\fb4138\downloads\csc 2201\lab10\lab10\lab10\debug\show10.obj
c:\users\fb4138\downloads\csc 2201\lab10\lab10\lab10\debug\show9.obj
c:\users\fb4138\downloads\csc 2201\lab10\lab10\lab10\debug\test10.obj
c:\users\pavan\documents\visual studio 2015\projects\csc2200\lab10\lab10\debug\vc140.pdb
c:\users\pavan\documents\visual studio 2015\projects\csc2200\lab10\lab10\debug\vc140.idb
c:\users\pavan\documents\visual studio 2015\projects\csc2200\lab10\lab10\debug\bstree.obj
c:\users\pavan\documents\visual studio 2015\projects\csc2200\lab10\lab10\debug\hashtable.obj
c:\users\pavan\documents\visual studio 2015\projects\csc2200\lab10\lab10\debug\show10.obj
c:\users\pavan\documents\visual studio 2015\projects\csc2200\lab10\lab10\debug\show9.obj
c:\users\pavan\documents\visual studio 2015\projects\csc2200\lab10\lab10\debug\test10.obj
c:\users\fb4138\downloads\csc 2201\lab10\lab10\debug\lab10.ilk
c:\users\fb4138\downloads\csc 2201\lab10\lab10\debug\lab10.exe
c:\users\fb4138\downloads\csc 2201\lab10\lab10\debug\lab10.pdb
c:\users\pavan\documents\visual studio 2015\projects\csc2200\lab10\debug\lab10.ilk
c:\users\pavan\documents\visual studio 2015\projects\csc2200\lab10\debug\lab10.exe
c:\users\pavan\documents\visual studio 2015\projects\csc2200\lab10\debug\lab10.pdb
c:\users\pavan\documents\visual studio 2015\projects\csc2200\lab10\lab10\debug\vc120.idb
c:\users\pavan\documents\visual studio 2015\projects\csc2200\lab10\lab10\debug\vc120.pdb
c:\users\pavan\documents\visual studio 2015\projects\csc2200\lab10\lab10\debug\lab10.tlog\cl.command.1.tlog
c:\users\pavan\documents\visual studio 2015\projects\csc2200\lab10\lab10\debug\lab10.tlog\cl.read.1.tlog
c:\users\pavan\documents\visual studio 2015\projects\csc2200\lab10\lab10\debug\lab10.tlog\cl.write.1.tlog
c:\users\pavan\documents\visual studio 2015\projects\csc2200\lab10\lab10\debug\lab10.tlog\link.command.1.tlog
c:\users\pavan\documents\visual studio 2015\projects\csc2200\lab10\lab10\debug\lab10.tlog\link.read.1.tlog
c:\users\pavan\documents\visual studio 2015\projects\csc2200\lab10\lab10\debug\lab10.tlog\link.write.1.tlog
