c:\users\fb4138\downloads\csc 2201\lab9\lab9\lab9\debug\vc120.pdb
c:\users\fb4138\downloads\csc 2201\lab9\lab9\lab9\debug\vc120.idb
c:\users\fb4138\downloads\csc 2201\lab9\lab9\lab9\debug\bstree.obj
c:\users\fb4138\downloads\csc 2201\lab9\lab9\lab9\debug\show9.obj
c:\users\fb4138\downloads\csc 2201\lab9\lab9\lab9\debug\test9.obj
c:\users\pavan\documents\visual studio 2015\projects\csc2200\lab9\lab9\lab9\debug\vc140.pdb
c:\users\pavan\documents\visual studio 2015\projects\csc2200\lab9\lab9\lab9\debug\vc140.idb
c:\users\pavan\documents\visual studio 2015\projects\csc2200\lab9\lab9\lab9\debug\bstree.obj
c:\users\pavan\documents\visual studio 2015\projects\csc2200\lab9\lab9\lab9\debug\show9.obj
c:\users\pavan\documents\visual studio 2015\projects\csc2200\lab9\lab9\lab9\debug\test9.obj
c:\users\fb4138\downloads\csc 2201\lab9\lab9\debug\lab9.ilk
c:\users\fb4138\downloads\csc 2201\lab9\lab9\debug\lab9.exe
c:\users\fb4138\downloads\csc 2201\lab9\lab9\debug\lab9.pdb
c:\users\pavan\documents\visual studio 2015\projects\csc2200\lab9\lab9\debug\lab9.ilk
c:\users\pavan\documents\visual studio 2015\projects\csc2200\lab9\lab9\debug\lab9.exe
c:\users\pavan\documents\visual studio 2015\projects\csc2200\lab9\lab9\debug\lab9.pdb
c:\users\pavan\documents\visual studio 2015\projects\csc2200\lab9\lab9\lab9\debug\vc120.idb
c:\users\pavan\documents\visual studio 2015\projects\csc2200\lab9\lab9\lab9\debug\vc120.pdb
c:\users\pavan\documents\visual studio 2015\projects\csc2200\lab9\lab9\lab9\debug\lab9.tlog\cl.command.1.tlog
c:\users\pavan\documents\visual studio 2015\projects\csc2200\lab9\lab9\lab9\debug\lab9.tlog\cl.read.1.tlog
c:\users\pavan\documents\visual studio 2015\projects\csc2200\lab9\lab9\lab9\debug\lab9.tlog\cl.write.1.tlog
c:\users\pavan\documents\visual studio 2015\projects\csc2200\lab9\lab9\lab9\debug\lab9.tlog\link.command.1.tlog
c:\users\pavan\documents\visual studio 2015\projects\csc2200\lab9\lab9\lab9\debug\lab9.tlog\link.read.1.tlog
c:\users\pavan\documents\visual studio 2015\projects\csc2200\lab9\lab9\lab9\debug\lab9.tlog\link.write.1.tlog
